Using pre-set license
Built from '2020.2/release' branch; Version is '2020.2.2f1 (068178b99f32) revision 426360'; Using compiler version '192528614'; Build Type 'Release'
OS: 'Windows 10 Enterprise; OS build 18363.1556; Version 1909; 64bit' Language: 'en' Physical Memory: 16304 MB
BatchMode: 1, IsHumanControllingUs: 0, StartBugReporterOnCrash: 0, Is64bit: 1, IsPro: 0

 COMMAND LINE ARGUMENTS:
C:\Program Files\Unity\Hub\Editor\2020.2.2f1\Editor\Unity.exe
-adb2
-batchMode
-noUpm
-name
AssetImportWorker0
-projectPath
C:/Users/rhianna.davis/Documents/GitHub/one button
-logFile
Logs/AssetImportWorker0.log
-srvPort
51618
Successfully changed project path to: C:/Users/rhianna.davis/Documents/GitHub/one button
C:/Users/rhianna.davis/Documents/GitHub/one button
Using Asset Import Pipeline V2.
Refreshing native plugins compatible for Editor in 35.89 ms, found 1 plugins.
Preloading 0 native plugins for Editor in 0.00 ms.
Initialize engine version: 2020.2.2f1 (068178b99f32)
[Subsystems] Discovering subsystems at path C:/Program Files/Unity/Hub/Editor/2020.2.2f1/Editor/Data/Resources/UnitySubsystems
[Subsystems] Discovering subsystems at path C:/Users/rhianna.davis/Documents/GitHub/one button/Assets
GfxDevice: creating device client; threaded=0
Direct3D:
    Version:  Direct3D 11.0 [level 11.0]
    Renderer: NVIDIA Quadro K2200  (ID=0x13ba)
    Vendor:   
    VRAM:     4035 MB
    Driver:   10.18.13.5362
Initialize mono
Mono path[0] = 'C:/Program Files/Unity/Hub/Editor/2020.2.2f1/Editor/Data/Managed'
Mono path[1] = 'C:/Program Files/Unity/Hub/Editor/2020.2.2f1/Editor/Data/MonoBleedingEdge/lib/mono/unityjit'
Mono config path = 'C:/Program Files/Unity/Hub/Editor/2020.2.2f1/Editor/Data/MonoBleedingEdge/etc'
Using monoOptions --debugger-agent=transport=dt_socket,embedding=1,server=y,suspend=n,address=127.0.0.1:56352
Begin MonoManager ReloadAssembly
Registering precompiled unity dll's ...
Register platform support module: C:/Program Files/Unity/Hub/Editor/2020.2.2f1/Editor/Data/PlaybackEngines/WindowsStandaloneSupport/UnityEditor.WindowsStandalone.Extensions.dll
Registered in 0.001290 seconds.
Native extension for WindowsStandalone target not found
Refreshing native plugins compatible for Editor in 39.47 ms, found 1 plugins.
Preloading 0 native plugins for Editor in 0.00 ms.
Invoked RoslynAnalysisRunner static constructor.
RoslynAnalysisRunner will not be running.
RoslynAnalysisRunner has terminated.
Mono: successfully reloaded assembly
- Completed reload, in  1.551 seconds
Platform modules already initialized, skipping
Registering precompiled user dll's ...
Registered in 0.000783 seconds.
Begin MonoManager ReloadAssembly
Native extension for WindowsStandalone target not found
Refreshing native plugins compatible for Editor in 34.84 ms, found 1 plugins.
Preloading 0 native plugins for Editor in 0.00 ms.
Invoked RoslynAnalysisRunner static constructor.
RoslynAnalysisRunner will not be running.
RoslynAnalysisRunner has terminated.
Mono: successfully reloaded assembly
- Completed reload, in  0.867 seconds
Platform modules already initialized, skipping
========================================================================
Worker process is ready to serve import requests
Launched and connected shader compiler UnityShaderCompiler.exe after 0.05 seconds
Refreshing native plugins compatible for Editor in 0.36 ms, found 1 plugins.
Preloading 0 native plugins for Editor in 0.00 ms.
Unloading 1809 Unused Serialized files (Serialized files now loaded: 0)
System memory in use before: 86.5 MB.
System memory in use after: 86.5 MB.

Unloading 23 unused Assets to reduce memory usage. Loaded Objects now: 2255.
Total: 2.092800 ms (FindLiveObjects: 0.198300 ms CreateObjectMapping: 0.072800 ms MarkObjects: 1.648600 ms  DeleteObjects: 0.172200 ms)

========================================================================
Received Import Request.
  path: Assets/scripts
  artifactKey: Guid(2129f258d8f28e64088e2867bcaf970d) Importer(815301076,1909f56bfc062723c751e8b465ee728b)
Start importing Assets/scripts using Guid(2129f258d8f28e64088e2867bcaf970d) Importer(815301076,1909f56bfc062723c751e8b465ee728b)  -> (artifact id: 'a47846e2b8539ead5e8fcda1c5a6877c') in 0.008034 seconds
  Import took 0.010807 seconds .

========================================================================
Received Prepare
Registering precompiled user dll's ...
Registered in 0.000836 seconds.
Begin MonoManager ReloadAssembly
Native extension for WindowsStandalone target not found
Refreshing native plugins compatible for Editor in 0.33 ms, found 1 plugins.
Preloading 0 native plugins for Editor in 0.00 ms.
Invoked RoslynAnalysisRunner static constructor.
RoslynAnalysisRunner will not be running.
RoslynAnalysisRunner has terminated.
Mono: successfully reloaded assembly
- Completed reload, in  0.776 seconds
Platform modules already initialized, skipping
Refreshing native plugins compatible for Editor in 0.44 ms, found 1 plugins.
Preloading 0 native plugins for Editor in 0.00 ms.
Unloading 1791 Unused Serialized files (Serialized files now loaded: 0)
System memory in use before: 85.7 MB.
System memory in use after: 85.7 MB.

Unloading 12 unused Assets to reduce memory usage. Loaded Objects now: 2258.
Total: 1.889000 ms (FindLiveObjects: 0.183800 ms CreateObjectMapping: 0.080600 ms MarkObjects: 1.524900 ms  DeleteObjects: 0.098900 ms)

========================================================================
Received Import Request.
  Time since last request: 61.114117 seconds.
  path: Assets/art
  artifactKey: Guid(89b02ec64c1b4e043bb69e51f56d01cd) Importer(815301076,1909f56bfc062723c751e8b465ee728b)
Start importing Assets/art using Guid(89b02ec64c1b4e043bb69e51f56d01cd) Importer(815301076,1909f56bfc062723c751e8b465ee728b)  -> (artifact id: '293ebdfb74ea6e7cc6a3a3dd1d964361') in 0.007415 seconds
  Import took 0.009954 seconds .

========================================================================
Received Import Request.
  Time since last request: 0.003557 seconds.
  path: Assets/art
  artifactKey: Guid(89b02ec64c1b4e043bb69e51f56d01cd) Importer(815301076,1909f56bfc062723c751e8b465ee728b)
Start importing Assets/art using Guid(89b02ec64c1b4e043bb69e51f56d01cd) Importer(815301076,1909f56bfc062723c751e8b465ee728b)  -> (artifact id: '293ebdfb74ea6e7cc6a3a3dd1d964361') in 0.002962 seconds
  Import took 0.005797 seconds .

========================================================================
Received Prepare
Registering precompiled user dll's ...
Registered in 0.000761 seconds.
Begin MonoManager ReloadAssembly
Native extension for WindowsStandalone target not found
Refreshing native plugins compatible for Editor in 1.78 ms, found 1 plugins.
Preloading 0 native plugins for Editor in 0.00 ms.
Invoked RoslynAnalysisRunner static constructor.
RoslynAnalysisRunner will not be running.
RoslynAnalysisRunner has terminated.
Mono: successfully reloaded assembly
- Completed reload, in  0.816 seconds
Platform modules already initialized, skipping
Refreshing native plugins compatible for Editor in 0.39 ms, found 1 plugins.
Preloading 0 native plugins for Editor in 0.00 ms.
Unloading 1791 Unused Serialized files (Serialized files now loaded: 0)
System memory in use before: 86.0 MB.
System memory in use after: 86.0 MB.

Unloading 12 unused Assets to reduce memory usage. Loaded Objects now: 2261.
Total: 2.520200 ms (FindLiveObjects: 0.200000 ms CreateObjectMapping: 0.078400 ms MarkObjects: 2.034700 ms  DeleteObjects: 0.205700 ms)

========================================================================
Received Import Request.
  Time since last request: 42.507211 seconds.
  path: Assets/animations
  artifactKey: Guid(8958ad64674083f4db14e1a475c411a6) Importer(815301076,1909f56bfc062723c751e8b465ee728b)
Start importing Assets/animations using Guid(8958ad64674083f4db14e1a475c411a6) Importer(815301076,1909f56bfc062723c751e8b465ee728b)  -> (artifact id: 'a5bcf35311c3e3e55c0feffa9def76fe') in 0.012579 seconds
  Import took 0.015961 seconds .

========================================================================
Received Import Request.
  Time since last request: 4.646837 seconds.
  path: Assets/jump.anim
  artifactKey: Guid(26b28653e1b9cf6419bfd60055e7e315) Importer(815301076,1909f56bfc062723c751e8b465ee728b)
Start importing Assets/jump.anim using Guid(26b28653e1b9cf6419bfd60055e7e315) Importer(815301076,1909f56bfc062723c751e8b465ee728b)  -> (artifact id: 'ddd8625903c9c3ed47ec66bcc67f4ae7') in 0.038081 seconds
  Import took 0.041180 seconds .

AssetImportWorkerClient::OnTransportError - code=2 error=End of file
