Using pre-set license
Built from '2020.2/release' branch; Version is '2020.2.2f1 (068178b99f32) revision 426360'; Using compiler version '192528614'; Build Type 'Release'
OS: 'Windows 10 Enterprise; OS build 18363.1500; Version 1909; 64bit' Language: 'en' Physical Memory: 16304 MB
BatchMode: 1, IsHumanControllingUs: 0, StartBugReporterOnCrash: 0, Is64bit: 1, IsPro: 0

 COMMAND LINE ARGUMENTS:
C:\Program Files\Unity\Hub\Editor\2020.2.2f1\Editor\Unity.exe
-adb2
-batchMode
-noUpm
-name
AssetImportWorker0
-projectPath
C:/Users/rhianna.davis/Documents/GitHub/one button
-logFile
Logs/AssetImportWorker0.log
-srvPort
51242
Successfully changed project path to: C:/Users/rhianna.davis/Documents/GitHub/one button
C:/Users/rhianna.davis/Documents/GitHub/one button
Using Asset Import Pipeline V2.
Refreshing native plugins compatible for Editor in 37.13 ms, found 1 plugins.
Preloading 0 native plugins for Editor in 0.00 ms.
Initialize engine version: 2020.2.2f1 (068178b99f32)
[Subsystems] Discovering subsystems at path C:/Program Files/Unity/Hub/Editor/2020.2.2f1/Editor/Data/Resources/UnitySubsystems
[Subsystems] Discovering subsystems at path C:/Users/rhianna.davis/Documents/GitHub/one button/Assets
GfxDevice: creating device client; threaded=0
Direct3D:
    Version:  Direct3D 11.0 [level 11.0]
    Renderer: NVIDIA Quadro K2200  (ID=0x13ba)
    Vendor:   
    VRAM:     4035 MB
    Driver:   10.18.13.5362
Initialize mono
Mono path[0] = 'C:/Program Files/Unity/Hub/Editor/2020.2.2f1/Editor/Data/Managed'
Mono path[1] = 'C:/Program Files/Unity/Hub/Editor/2020.2.2f1/Editor/Data/MonoBleedingEdge/lib/mono/unityjit'
Mono config path = 'C:/Program Files/Unity/Hub/Editor/2020.2.2f1/Editor/Data/MonoBleedingEdge/etc'
Using monoOptions --debugger-agent=transport=dt_socket,embedding=1,server=y,suspend=n,address=127.0.0.1:56012
Begin MonoManager ReloadAssembly
Registering precompiled unity dll's ...
Register platform support module: C:/Program Files/Unity/Hub/Editor/2020.2.2f1/Editor/Data/PlaybackEngines/WindowsStandaloneSupport/UnityEditor.WindowsStandalone.Extensions.dll
Registered in 0.001181 seconds.
Native extension for WindowsStandalone target not found
Refreshing native plugins compatible for Editor in 38.79 ms, found 1 plugins.
Preloading 0 native plugins for Editor in 0.00 ms.
Invoked RoslynAnalysisRunner static constructor.
RoslynAnalysisRunner will not be running.
RoslynAnalysisRunner has terminated.
Mono: successfully reloaded assembly
- Completed reload, in  1.799 seconds
Platform modules already initialized, skipping
Registering precompiled user dll's ...
Registered in 0.000763 seconds.
Begin MonoManager ReloadAssembly
Native extension for WindowsStandalone target not found
Refreshing native plugins compatible for Editor in 33.58 ms, found 1 plugins.
Preloading 0 native plugins for Editor in 0.00 ms.
Invoked RoslynAnalysisRunner static constructor.
RoslynAnalysisRunner will not be running.
RoslynAnalysisRunner has terminated.
Mono: successfully reloaded assembly
- Completed reload, in  0.896 seconds
Platform modules already initialized, skipping
========================================================================
Worker process is ready to serve import requests
Launched and connected shader compiler UnityShaderCompiler.exe after 0.05 seconds
Refreshing native plugins compatible for Editor in 0.36 ms, found 1 plugins.
Preloading 0 native plugins for Editor in 0.00 ms.
Unloading 1809 Unused Serialized files (Serialized files now loaded: 0)
System memory in use before: 86.5 MB.
System memory in use after: 86.5 MB.

Unloading 23 unused Assets to reduce memory usage. Loaded Objects now: 2255.
Total: 1.887900 ms (FindLiveObjects: 0.202100 ms CreateObjectMapping: 0.064300 ms MarkObjects: 1.467900 ms  DeleteObjects: 0.152700 ms)

========================================================================
Received Import Request.
  path: Assets/Spritesheet.png
  artifactKey: Guid(1ac81304a99b13a468276ff7ff2bc0d2) Importer(815301076,1909f56bfc062723c751e8b465ee728b)
Start importing Assets/Spritesheet.png using Guid(1ac81304a99b13a468276ff7ff2bc0d2) Importer(815301076,1909f56bfc062723c751e8b465ee728b)  -> (artifact id: 'bec91b6cc79e95c288c2658358b4920c') in 0.129868 seconds
  Import took 0.133190 seconds .

========================================================================
Received Import Request.
  Time since last request: 495.041682 seconds.
  path: Assets/Spritesheet.png
  artifactKey: Guid(1ac81304a99b13a468276ff7ff2bc0d2) Importer(815301076,1909f56bfc062723c751e8b465ee728b)
Start importing Assets/Spritesheet.png using Guid(1ac81304a99b13a468276ff7ff2bc0d2) Importer(815301076,1909f56bfc062723c751e8b465ee728b)  -> (artifact id: 'e192a01505336df180880ab6f1b619fe') in 0.013824 seconds
  Import took 0.022644 seconds .

========================================================================
Received Import Request.
  Time since last request: 311.736950 seconds.
  path: Assets/Spritesheet.png
  artifactKey: Guid(1ac81304a99b13a468276ff7ff2bc0d2) Importer(815301076,1909f56bfc062723c751e8b465ee728b)
Start importing Assets/Spritesheet.png using Guid(1ac81304a99b13a468276ff7ff2bc0d2) Importer(815301076,1909f56bfc062723c751e8b465ee728b)  -> (artifact id: 'ea4c78392f7125f396accbd860c270f9') in 0.021170 seconds
  Import took 0.026948 seconds .

========================================================================
Received Import Request.
  Time since last request: 701.229617 seconds.
  path: Assets/Spritesheet2.png
  artifactKey: Guid(24536eead727990408d59faa5fad3d17) Importer(815301076,1909f56bfc062723c751e8b465ee728b)
Start importing Assets/Spritesheet2.png using Guid(24536eead727990408d59faa5fad3d17) Importer(815301076,1909f56bfc062723c751e8b465ee728b)  -> (artifact id: '59013eed1612837f392db55e2677177a') in 0.016129 seconds
  Import took 0.020504 seconds .

========================================================================
Received Import Request.
  Time since last request: 57.560468 seconds.
  path: Assets/Spritesheet2.png
  artifactKey: Guid(24536eead727990408d59faa5fad3d17) Importer(815301076,1909f56bfc062723c751e8b465ee728b)
Start importing Assets/Spritesheet2.png using Guid(24536eead727990408d59faa5fad3d17) Importer(815301076,1909f56bfc062723c751e8b465ee728b)  -> (artifact id: '9f0ef21446057c2e9a613396c5a981ef') in 0.020970 seconds
  Import took 0.024821 seconds .

========================================================================
Received Import Request.
  Time since last request: 803.087930 seconds.
  path: Assets/walk.anim
  artifactKey: Guid(847fcc39efbf8b242a7c609647e08c15) Importer(815301076,1909f56bfc062723c751e8b465ee728b)
Start importing Assets/walk.anim using Guid(847fcc39efbf8b242a7c609647e08c15) Importer(815301076,1909f56bfc062723c751e8b465ee728b)  -> (artifact id: '368b238fee4e8337088bf0240e3f8779') in 0.012446 seconds
  Import took 0.018138 seconds .

========================================================================
Received Import Request.
  Time since last request: 12.601604 seconds.
  path: Assets/jump.anim
  artifactKey: Guid(26b28653e1b9cf6419bfd60055e7e315) Importer(815301076,1909f56bfc062723c751e8b465ee728b)
Start importing Assets/jump.anim using Guid(26b28653e1b9cf6419bfd60055e7e315) Importer(815301076,1909f56bfc062723c751e8b465ee728b)  -> (artifact id: 'e02b69fecdfe18f740dbc8a557b64828') in 0.008488 seconds
  Import took 0.014524 seconds .

========================================================================
Received Import Request.
  Time since last request: 3.931887 seconds.
  path: Assets/Spritesheet_0.controller
  artifactKey: Guid(ff5fb5a4e18f0264d8a39c86b7c4c805) Importer(815301076,1909f56bfc062723c751e8b465ee728b)
Start importing Assets/Spritesheet_0.controller using Guid(ff5fb5a4e18f0264d8a39c86b7c4c805) Importer(815301076,1909f56bfc062723c751e8b465ee728b)  -> (artifact id: '12ca031528939a6f7cae58afee7c6114') in 0.011782 seconds
  Import took 0.015665 seconds .

========================================================================
Received Prepare
Registering precompiled user dll's ...
Registered in 0.000818 seconds.
Begin MonoManager ReloadAssembly
Native extension for WindowsStandalone target not found
Refreshing native plugins compatible for Editor in 0.34 ms, found 1 plugins.
Preloading 0 native plugins for Editor in 0.00 ms.
Invoked RoslynAnalysisRunner static constructor.
RoslynAnalysisRunner will not be running.
RoslynAnalysisRunner has terminated.
Mono: successfully reloaded assembly
- Completed reload, in  0.791 seconds
Platform modules already initialized, skipping
Refreshing native plugins compatible for Editor in 0.47 ms, found 1 plugins.
Preloading 0 native plugins for Editor in 0.00 ms.
Unloading 1791 Unused Serialized files (Serialized files now loaded: 0)
System memory in use before: 88.8 MB.
System memory in use after: 88.8 MB.

Unloading 12 unused Assets to reduce memory usage. Loaded Objects now: 2266.
Total: 2.140400 ms (FindLiveObjects: 0.260200 ms CreateObjectMapping: 0.089000 ms MarkObjects: 1.651400 ms  DeleteObjects: 0.138600 ms)

========================================================================
Received Prepare
Registering precompiled user dll's ...
Registered in 0.000915 seconds.
Begin MonoManager ReloadAssembly
Native extension for WindowsStandalone target not found
Refreshing native plugins compatible for Editor in 0.39 ms, found 1 plugins.
Preloading 0 native plugins for Editor in 0.00 ms.
Invoked RoslynAnalysisRunner static constructor.
RoslynAnalysisRunner will not be running.
RoslynAnalysisRunner has terminated.
Mono: successfully reloaded assembly
- Completed reload, in  0.774 seconds
Platform modules already initialized, skipping
Refreshing native plugins compatible for Editor in 0.35 ms, found 1 plugins.
Preloading 0 native plugins for Editor in 0.00 ms.
Unloading 1791 Unused Serialized files (Serialized files now loaded: 0)
System memory in use before: 89.0 MB.
System memory in use after: 89.0 MB.

Unloading 12 unused Assets to reduce memory usage. Loaded Objects now: 2269.
Total: 2.172300 ms (FindLiveObjects: 0.234600 ms CreateObjectMapping: 0.094500 ms MarkObjects: 1.707900 ms  DeleteObjects: 0.134000 ms)

========================================================================
Received Prepare
Registering precompiled user dll's ...
Registered in 0.000756 seconds.
Begin MonoManager ReloadAssembly
Native extension for WindowsStandalone target not found
Refreshing native plugins compatible for Editor in 0.32 ms, found 1 plugins.
Preloading 0 native plugins for Editor in 0.00 ms.
Invoked RoslynAnalysisRunner static constructor.
RoslynAnalysisRunner will not be running.
RoslynAnalysisRunner has terminated.
Mono: successfully reloaded assembly
- Completed reload, in  0.754 seconds
Platform modules already initialized, skipping
Refreshing native plugins compatible for Editor in 0.39 ms, found 1 plugins.
Preloading 0 native plugins for Editor in 0.00 ms.
Unloading 1791 Unused Serialized files (Serialized files now loaded: 0)
System memory in use before: 89.2 MB.
System memory in use after: 89.2 MB.

Unloading 12 unused Assets to reduce memory usage. Loaded Objects now: 2272.
Total: 1.778100 ms (FindLiveObjects: 0.163300 ms CreateObjectMapping: 0.054900 ms MarkObjects: 1.443100 ms  DeleteObjects: 0.115800 ms)

========================================================================
Received Import Request.
  Time since last request: 550.509999 seconds.
  path: Assets/Spritesheet2_0 1.controller
  artifactKey: Guid(a7b11e6a9ed2c5c4b91b0dee1ddfb9b5) Importer(815301076,1909f56bfc062723c751e8b465ee728b)
Start importing Assets/Spritesheet2_0 1.controller using Guid(a7b11e6a9ed2c5c4b91b0dee1ddfb9b5) Importer(815301076,1909f56bfc062723c751e8b465ee728b)  -> (artifact id: '6665855cf3520a36f44a0227f0d4cefe') in 0.024505 seconds
  Import took 0.029160 seconds .

========================================================================
Received Import Request.
  Time since last request: 207.881403 seconds.
  path: Assets/Spritesheet jump.png
  artifactKey: Guid(e0288d890ec841b4fbe83de0b2779c7e) Importer(815301076,1909f56bfc062723c751e8b465ee728b)
Start importing Assets/Spritesheet jump.png using Guid(e0288d890ec841b4fbe83de0b2779c7e) Importer(815301076,1909f56bfc062723c751e8b465ee728b)  -> (artifact id: 'bfc809a86b1069ff97c1cdbd7ff8e6fc') in 0.050830 seconds
  Import took 0.057322 seconds .

========================================================================
Received Import Request.
  Time since last request: 51.110139 seconds.
  path: Assets/Spritesheet jump.png
  artifactKey: Guid(e0288d890ec841b4fbe83de0b2779c7e) Importer(815301076,1909f56bfc062723c751e8b465ee728b)
Start importing Assets/Spritesheet jump.png using Guid(e0288d890ec841b4fbe83de0b2779c7e) Importer(815301076,1909f56bfc062723c751e8b465ee728b)  -> (artifact id: '7e4e3fcfb23ac62418243f00ba56ab13') in 0.017039 seconds
  Import took 0.021777 seconds .

========================================================================
Received Import Request.
  Time since last request: 164.204237 seconds.
  path: Assets/walk.anim
  artifactKey: Guid(847fcc39efbf8b242a7c609647e08c15) Importer(815301076,1909f56bfc062723c751e8b465ee728b)
Start importing Assets/walk.anim using Guid(847fcc39efbf8b242a7c609647e08c15) Importer(815301076,1909f56bfc062723c751e8b465ee728b)  -> (artifact id: '5c05a3fd38421697aaaaf9dcfecd2afd') in 0.006045 seconds
  Import took 0.011391 seconds .

========================================================================
Received Import Request.
  Time since last request: 0.000625 seconds.
  path: Assets/walk.anim
  artifactKey: Guid(847fcc39efbf8b242a7c609647e08c15) Importer(815301076,1909f56bfc062723c751e8b465ee728b)
Start importing Assets/walk.anim using Guid(847fcc39efbf8b242a7c609647e08c15) Importer(815301076,1909f56bfc062723c751e8b465ee728b)  -> (artifact id: '5c05a3fd38421697aaaaf9dcfecd2afd') in 0.003852 seconds
  Import took 0.006940 seconds .

========================================================================
Received Import Request.
  Time since last request: 121.546015 seconds.
  path: Assets/movement.anim
  artifactKey: Guid(293ac118eea2460418dc21931033166d) Importer(815301076,1909f56bfc062723c751e8b465ee728b)
Start importing Assets/movement.anim using Guid(293ac118eea2460418dc21931033166d) Importer(815301076,1909f56bfc062723c751e8b465ee728b)  -> (artifact id: '4f487e64fd190d74717cb0150d33e761') in 0.014169 seconds
  Import took 0.033885 seconds .

========================================================================
Received Import Request.
  Time since last request: 51.792112 seconds.
  path: Assets/Spritesheet_0 1.controller
  artifactKey: Guid(27e82009b69ec3e4cabf9004bcbe847b) Importer(815301076,1909f56bfc062723c751e8b465ee728b)
Start importing Assets/Spritesheet_0 1.controller using Guid(27e82009b69ec3e4cabf9004bcbe847b) Importer(815301076,1909f56bfc062723c751e8b465ee728b)  -> (artifact id: 'aea109d6bf59de0d47a4688f395413b1') in 0.009872 seconds
  Import took 0.016500 seconds .

========================================================================
Received Prepare
Registering precompiled user dll's ...
Registered in 0.000775 seconds.
Begin MonoManager ReloadAssembly
Native extension for WindowsStandalone target not found
Refreshing native plugins compatible for Editor in 0.41 ms, found 1 plugins.
Preloading 0 native plugins for Editor in 0.00 ms.
Invoked RoslynAnalysisRunner static constructor.
RoslynAnalysisRunner will not be running.
RoslynAnalysisRunner has terminated.
Mono: successfully reloaded assembly
- Completed reload, in  0.777 seconds
Platform modules already initialized, skipping
Refreshing native plugins compatible for Editor in 0.39 ms, found 1 plugins.
Preloading 0 native plugins for Editor in 0.00 ms.
Unloading 1791 Unused Serialized files (Serialized files now loaded: 0)
System memory in use before: 89.4 MB.
System memory in use after: 89.4 MB.

Unloading 12 unused Assets to reduce memory usage. Loaded Objects now: 2276.
Total: 2.067600 ms (FindLiveObjects: 0.238500 ms CreateObjectMapping: 0.073100 ms MarkObjects: 1.649500 ms  DeleteObjects: 0.105500 ms)

========================================================================
Received Prepare
Registering precompiled user dll's ...
Registered in 0.000763 seconds.
Begin MonoManager ReloadAssembly
Native extension for WindowsStandalone target not found
Refreshing native plugins compatible for Editor in 0.45 ms, found 1 plugins.
Preloading 0 native plugins for Editor in 0.00 ms.
Invoked RoslynAnalysisRunner static constructor.
RoslynAnalysisRunner will not be running.
RoslynAnalysisRunner has terminated.
Mono: successfully reloaded assembly
- Completed reload, in  0.750 seconds
Platform modules already initialized, skipping
Refreshing native plugins compatible for Editor in 0.36 ms, found 1 plugins.
Preloading 0 native plugins for Editor in 0.00 ms.
Unloading 1791 Unused Serialized files (Serialized files now loaded: 0)
System memory in use before: 89.7 MB.
System memory in use after: 89.7 MB.

Unloading 12 unused Assets to reduce memory usage. Loaded Objects now: 2279.
Total: 2.024200 ms (FindLiveObjects: 0.168400 ms CreateObjectMapping: 0.062500 ms MarkObjects: 1.654900 ms  DeleteObjects: 0.137300 ms)

========================================================================
Received Import Request.
  Time since last request: 662.676793 seconds.
  path: Assets/player_controls.cs
  artifactKey: Guid(21e7330df64ca0146b076e53bbeaad81) Importer(815301076,1909f56bfc062723c751e8b465ee728b)
Start importing Assets/player_controls.cs using Guid(21e7330df64ca0146b076e53bbeaad81) Importer(815301076,1909f56bfc062723c751e8b465ee728b)  -> (artifact id: 'f45580361e0d5fd660da62aee7e8acb7') in 0.016373 seconds
  Import took 0.020159 seconds .

========================================================================
Received Prepare
Registering precompiled user dll's ...
Registered in 0.000834 seconds.
Begin MonoManager ReloadAssembly
Native extension for WindowsStandalone target not found
Refreshing native plugins compatible for Editor in 0.32 ms, found 1 plugins.
Preloading 0 native plugins for Editor in 0.00 ms.
Invoked RoslynAnalysisRunner static constructor.
RoslynAnalysisRunner will not be running.
RoslynAnalysisRunner has terminated.
Mono: successfully reloaded assembly
- Completed reload, in  0.786 seconds
Platform modules already initialized, skipping
Refreshing native plugins compatible for Editor in 0.35 ms, found 1 plugins.
Preloading 0 native plugins for Editor in 0.00 ms.
Unloading 1791 Unused Serialized files (Serialized files now loaded: 0)
System memory in use before: 89.9 MB.
System memory in use after: 89.9 MB.

Unloading 12 unused Assets to reduce memory usage. Loaded Objects now: 2282.
Total: 1.924800 ms (FindLiveObjects: 0.168200 ms CreateObjectMapping: 0.067000 ms MarkObjects: 1.587100 ms  DeleteObjects: 0.101600 ms)

========================================================================
Received Prepare
Registering precompiled user dll's ...
Registered in 0.000814 seconds.
Begin MonoManager ReloadAssembly
Native extension for WindowsStandalone target not found
Refreshing native plugins compatible for Editor in 0.34 ms, found 1 plugins.
Preloading 0 native plugins for Editor in 0.00 ms.
Invoked RoslynAnalysisRunner static constructor.
RoslynAnalysisRunner will not be running.
RoslynAnalysisRunner has terminated.
Mono: successfully reloaded assembly
- Completed reload, in  0.740 seconds
Platform modules already initialized, skipping
Refreshing native plugins compatible for Editor in 0.44 ms, found 1 plugins.
Preloading 0 native plugins for Editor in 0.00 ms.
Unloading 1791 Unused Serialized files (Serialized files now loaded: 0)
System memory in use before: 90.1 MB.
System memory in use after: 90.1 MB.

Unloading 12 unused Assets to reduce memory usage. Loaded Objects now: 2285.
Total: 3.193900 ms (FindLiveObjects: 0.190100 ms CreateObjectMapping: 0.065300 ms MarkObjects: 2.672500 ms  DeleteObjects: 0.259000 ms)

========================================================================
Received Prepare
Refreshing native plugins compatible for Editor in 1.54 ms, found 1 plugins.
Preloading 0 native plugins for Editor in 0.00 ms.
Unloading 10 Unused Serialized files (Serialized files now loaded: 0)
System memory in use before: 55.1 MB.
System memory in use after: 55.1 MB.

Unloading 10 unused Assets to reduce memory usage. Loaded Objects now: 2285.
Total: 2.578400 ms (FindLiveObjects: 0.172500 ms CreateObjectMapping: 0.061600 ms MarkObjects: 2.203900 ms  DeleteObjects: 0.139500 ms)

========================================================================
Received Prepare
Registering precompiled user dll's ...
Registered in 0.000888 seconds.
Begin MonoManager ReloadAssembly
Native extension for WindowsStandalone target not found
Refreshing native plugins compatible for Editor in 0.33 ms, found 1 plugins.
Preloading 0 native plugins for Editor in 0.00 ms.
Invoked RoslynAnalysisRunner static constructor.
RoslynAnalysisRunner will not be running.
RoslynAnalysisRunner has terminated.
Mono: successfully reloaded assembly
- Completed reload, in  0.766 seconds
Platform modules already initialized, skipping
Refreshing native plugins compatible for Editor in 0.36 ms, found 1 plugins.
Preloading 0 native plugins for Editor in 0.00 ms.
Unloading 1791 Unused Serialized files (Serialized files now loaded: 0)
System memory in use before: 90.5 MB.
System memory in use after: 90.5 MB.

Unloading 12 unused Assets to reduce memory usage. Loaded Objects now: 2288.
Total: 2.033800 ms (FindLiveObjects: 0.185800 ms CreateObjectMapping: 0.070200 ms MarkObjects: 1.666400 ms  DeleteObjects: 0.110500 ms)

AssetImportWorkerClient::OnTransportError - code=2 error=End of file
